<?xml version="1.0" encoding="UTF-8"?>
<!-- Generated by org.testng.reporters.JUnitReportReporter -->
<testsuite hostname="SWATHI" failures="0" tests="6" name="test.AhamLoginTest" time="152.445" errors="0" timestamp="2024-06-24T12:35:34 IST" skipped="0">
  <testcase classname="test.AhamLoginTest" name="headerFooterLinks" time="113.059"/>
  <testcase classname="test.AhamLoginTest" name="registerPage" time="5.238"/>
  <testcase classname="test.AhamLoginTest" name="testLogin" time="4.444"/>
  <testcase classname="test.AhamLoginTest" name="accountManage" time="7.913"/>
  <testcase classname="test.AhamLoginTest" name="cartFeaturedproAdd" time="16.344"/>
  <testcase classname="test.AhamLoginTest" name="checkoutPage" time="5.447"/>
</testsuite> <!-- test.AhamLoginTest -->
